---------------------------------------
Begin Slurm Prolog: Mar-12-2025 10:38:37
Job ID:    2073625
User ID:   ssahoo61
Account:   coc
Job name:  GPUDDPGTraining
Partition: coc-gpu
QOS:       coc-ice
---------------------------------------

CondaError: Run 'conda init' before 'conda deactivate'

/home/hice1/ssahoo61/.conda/envs/ecn/lib/python3.12/site-packages/gymnasium/wrappers/rendering.py:283: UserWarning: [33mWARN: Overwriting existing videos at /home/hice1/ssahoo61/Documents/exploration-critique-networks/runs/Hopper-v5__ddpg__1__1741790329/videos folder (try specifying a different `video_folder` for the `RecordVideo` wrapper if this is not desired)[0m
  logger.warn(
/home/hice1/ssahoo61/.conda/envs/ecn/lib/python3.12/site-packages/gymnasium/utils/passive_env_checker.py:134: UserWarning: [33mWARN: The obs returned by the `reset()` method was expecting numpy array dtype to be <class 'numpy.float32'>, actual type: float64[0m
  logger.warn(
/home/hice1/ssahoo61/.conda/envs/ecn/lib/python3.12/site-packages/gymnasium/utils/passive_env_checker.py:158: UserWarning: [33mWARN: The obs returned by the `reset()` method is not within the observation space.[0m
  logger.warn(f"{pre} is not within the observation space.")
/home/hice1/ssahoo61/.conda/envs/ecn/lib/python3.12/site-packages/gymnasium/utils/passive_env_checker.py:134: UserWarning: [33mWARN: The obs returned by the `step()` method was expecting numpy array dtype to be <class 'numpy.float32'>, actual type: float64[0m
  logger.warn(
/home/hice1/ssahoo61/.conda/envs/ecn/lib/python3.12/site-packages/gymnasium/utils/passive_env_checker.py:158: UserWarning: [33mWARN: The obs returned by the `step()` method is not within the observation space.[0m
  logger.warn(f"{pre} is not within the observation space.")
